# JRE version: Java(TM) SE Runtime Environment (11.0.4+10) (build 11.0.4+10-LTS)
# Java VM: Java HotSpot(TM) 64-Bit Server VM (11.0.4+10-LTS, mixed mode, tiered, compressed oops, g1 gc, windows-amd64)
Heap:
 garbage-first heap   total 262144K, used 16314K [0x00000000e0000000, 0x0000000100000000)
  region size 1024K, 5 young (5120K), 4 survivors (4096K)
 Metaspace       used 20713K, capacity 21248K, committed 21504K, reserved 274432K
  class space    used 2590K, capacity 2783K, committed 2816K, reserved 253952K
GC Heap History (9 events):
Event: 5.175 GC heap before
{Heap before GC invocations=0 (full 0):
 garbage-first heap   total 262144K, used 19456K [0x00000000e0000000, 0x0000000100000000)
  region size 1024K, 14 young (14336K), 0 survivors (0K)
 Metaspace       used 8407K, capacity 8699K, committed 8832K, reserved 262144K
  class space    used 818K, capacity 878K, committed 896K, reserved 253952K
}
Event: 5.240 GC heap after
{Heap after GC invocations=1 (full 0):
 garbage-first heap   total 262144K, used 7619K [0x00000000e0000000, 0x0000000100000000)
  region size 1024K, 2 young (2048K), 2 survivors (2048K)
 Metaspace       used 8407K, capacity 8699K, committed 8832K, reserved 262144K
  class space    used 818K, capacity 878K, committed 896K, reserved 253952K
}
Event: 7.409 GC heap before
{Heap before GC invocations=1 (full 0):
 garbage-first heap   total 262144K, used 18883K [0x00000000e0000000, 0x0000000100000000)
  region size 1024K, 13 young (13312K), 2 survivors (2048K)
 Metaspace       used 10725K, capacity 10980K, committed 11264K, reserved 264192K
  class space    used 1129K, capacity 1193K, committed 1280K, reserved 253952K
}
Event: 7.413 GC heap after
{Heap after GC invocations=2 (full 0):
 garbage-first heap   total 262144K, used 8545K [0x00000000e0000000, 0x0000000100000000)
  region size 1024K, 1 young (1024K), 1 survivors (1024K)
 Metaspace       used 10725K, capacity 10980K, committed 11264K, reserved 264192K
  class space    used 1129K, capacity 1193K, committed 1280K, reserved 253952K
}
Event: 10.033 GC heap before
{Heap before GC invocations=2 (full 0):
 garbage-first heap   total 262144K, used 35169K [0x00000000e0000000, 0x0000000100000000)
  region size 1024K, 28 young (28672K), 1 survivors (1024K)
 Metaspace       used 11096K, capacity 11388K, committed 11520K, reserved 264192K
  class space    used 1176K, capacity 1265K, committed 1280K, reserved 253952K
}
Event: 10.039 GC heap after
{Heap after GC invocations=3 (full 0):
 garbage-first heap   total 262144K, used 13052K [0x00000000e0000000, 0x0000000100000000)
  region size 1024K, 4 young (4096K), 4 survivors (4096K)
 Metaspace       used 11096K, capacity 11388K, committed 11520K, reserved 264192K
  class space    used 1176K, capacity 1265K, committed 1280K, reserved 253952K
}
Event: 18.678 GC heap before
{Heap before GC invocations=3 (full 0):
 garbage-first heap   total 262144K, used 52988K [0x00000000e0000000, 0x0000000100000000)
  region size 1024K, 43 young (44032K), 4 survivors (4096K)
 Metaspace       used 19521K, capacity 19994K, committed 20224K, reserved 272384K
  class space    used 2388K, capacity 2509K, committed 2560K, reserved 253952K
}
Event: 18.688 GC heap after
{Heap after GC invocations=4 (full 0):
 garbage-first heap   total 262144K, used 15766K [0x00000000e0000000, 0x0000000100000000)
  region size 1024K, 3 young (3072K), 3 survivors (3072K)
 Metaspace       used 19521K, capacity 19994K, committed 20224K, reserved 272384K
  class space    used 2388K, capacity 2509K, committed 2560K, reserved 253952K
}
Event: 19.108 GC heap before
{Heap before GC invocations=4 (full 0):
 garbage-first heap   total 262144K, used 26006K [0x00000000e0000000, 0x0000000100000000)
  region size 1024K, 14 young (14336K), 3 survivors (3072K)
 Metaspace       used 20659K, capacity 21184K, committed 21248K, reserved 272384K
  class space    used 2590K, capacity 2783K, committed 2816K, reserved 253952K
}

